{"contracts/ERC20Mock.sol":{"l":{"10":1},"path":"/Users/jubinkamdar/Documents/DutchAuction/V4.0/contracts/ERC20Mock.sol","s":{"1":1},"b":{},"f":{"1":18,"2":1},"fnMap":{"1":{"name":"constructor","line":7,"loc":{"start":{"line":7,"column":4},"end":{"line":7,"column":79}}},"2":{"name":"mint","line":9,"loc":{"start":{"line":9,"column":4},"end":{"line":11,"column":4}}}},"statementMap":{"1":{"start":{"line":10,"column":8},"end":{"line":10,"column":29}}},"branchMap":{}},"contracts/ERC721_mock.sol":{"l":{"13":1,"14":1,"15":1,"16":1},"path":"/Users/jubinkamdar/Documents/DutchAuction/V4.0/contracts/ERC721_mock.sol","s":{"1":1,"2":1,"3":1,"4":1},"b":{},"f":{"1":18,"2":1},"fnMap":{"1":{"name":"constructor","line":10,"loc":{"start":{"line":10,"column":4},"end":{"line":10,"column":48}}},"2":{"name":"mint","line":12,"loc":{"start":{"line":12,"column":4},"end":{"line":17,"column":4}}}},"statementMap":{"1":{"start":{"line":13,"column":8},"end":{"line":13,"column":28}},"2":{"start":{"line":14,"column":8},"end":{"line":14,"column":48}},"3":{"start":{"line":15,"column":9},"end":{"line":15,"column":36}},"4":{"start":{"line":16,"column":8},"end":{"line":16,"column":25}}},"branchMap":{}},"contracts/NFTDutchAuction_ERC20Bids.sol":{"l":{"32":6,"33":6,"35":6,"36":6,"37":6,"38":6,"39":6,"40":6,"41":6,"52":4,"53":3,"57":2,"58":1,"60":1,"61":1,"63":1,"64":1,"66":1},"path":"/Users/jubinkamdar/Documents/DutchAuction/V4.0/contracts/NFTDutchAuction_ERC20Bids.sol","s":{"1":6,"2":6,"3":4,"4":2,"5":1,"6":1,"7":1,"8":1,"9":1},"b":{"1":[6,0],"2":[0,0],"3":[3,1],"4":[1,1],"5":[1,0]},"f":{"1":6,"2":0,"3":4,"4":2},"fnMap":{"1":{"name":"initialize","line":31,"loc":{"start":{"line":24,"column":4},"end":{"line":42,"column":4}}},"2":{"name":"_authorizeUpgrade","line":46,"loc":{"start":{"line":44,"column":4},"end":{"line":46,"column":35}}},"3":{"name":"startAuction","line":51,"loc":{"start":{"line":51,"column":4},"end":{"line":54,"column":4}}},"4":{"name":"bid","line":56,"loc":{"start":{"line":56,"column":4},"end":{"line":67,"column":4}}}},"statementMap":{"1":{"start":{"line":32,"column":8},"end":{"line":32,"column":23}},"2":{"start":{"line":33,"column":8},"end":{"line":33,"column":31}},"3":{"start":{"line":52,"column":8},"end":{"line":52,"column":62}},"4":{"start":{"line":57,"column":8},"end":{"line":57,"column":57}},"5":{"start":{"line":58,"column":8},"end":{"line":58,"column":66}},"6":{"start":{"line":60,"column":8},"end":{"line":60,"column":67}},"7":{"start":{"line":61,"column":8},"end":{"line":61,"column":2011}},"8":{"start":{"line":63,"column":8},"end":{"line":63,"column":61}},"9":{"start":{"line":66,"column":8},"end":{"line":66,"column":71}}},"branchMap":{"1":{"line":31,"type":"if","locations":[{"start":{"line":31,"column":13},"end":{"line":31,"column":13}},{"start":{"line":31,"column":13},"end":{"line":31,"column":13}}]},"2":{"line":46,"type":"if","locations":[{"start":{"line":46,"column":24},"end":{"line":46,"column":24}},{"start":{"line":46,"column":24},"end":{"line":46,"column":24}}]},"3":{"line":52,"type":"if","locations":[{"start":{"line":52,"column":8},"end":{"line":52,"column":8}},{"start":{"line":52,"column":8},"end":{"line":52,"column":8}}]},"4":{"line":57,"type":"if","locations":[{"start":{"line":57,"column":8},"end":{"line":57,"column":8}},{"start":{"line":57,"column":8},"end":{"line":57,"column":8}}]},"5":{"line":58,"type":"if","locations":[{"start":{"line":58,"column":8},"end":{"line":58,"column":8}},{"start":{"line":58,"column":8},"end":{"line":58,"column":8}}]}}}}