{"contracts/DutchAuction.sol":{"l":{"19":12,"20":12,"21":12,"22":12,"23":12,"24":12,"25":12,"26":12,"30":4,"31":3,"33":2,"34":2,"35":2,"36":2},"path":"/Users/jubinkamdar/Documents/V1.0/contracts/DutchAuction.sol","s":{"1":4,"2":3,"3":2},"b":{"1":[3,1],"2":[2,1]},"f":{"1":12,"2":4},"fnMap":{"1":{"name":"constructor","line":14,"loc":{"start":{"line":14,"column":4},"end":{"line":27,"column":4}}},"2":{"name":"bid","line":29,"loc":{"start":{"line":29,"column":4},"end":{"line":37,"column":4}}}},"statementMap":{"1":{"start":{"line":30,"column":8},"end":{"line":30,"column":70}},"2":{"start":{"line":31,"column":8},"end":{"line":31,"column":75}},"3":{"start":{"line":36,"column":8},"end":{"line":36,"column":34}}},"branchMap":{"1":{"line":30,"type":"if","locations":[{"start":{"line":30,"column":8},"end":{"line":30,"column":8}},{"start":{"line":30,"column":8},"end":{"line":30,"column":8}}]},"2":{"line":31,"type":"if","locations":[{"start":{"line":31,"column":8},"end":{"line":31,"column":8}},{"start":{"line":31,"column":8},"end":{"line":31,"column":8}}]}}}}