{
"contracts/ERC20Mock.sol":{"l":{"10":0},"path":"/Users/jubinkamdar/Documents/test3/DutchAuction/contracts/ERC20Mock.sol","s":{"1":0},"b":{},"f":{"1":18,"2":0},"fnMap":{"1":{"name":"constructor","line":7,"loc":{"start":{"line":7,"column":4},"end":{"line":7,"column":79}}},"2":{"name":"mint","line":9,"loc":{"start":{"line":9,"column":4},"end":{"line":11,"column":4}}}},"statementMap":{"1":{"start":{"line":10,"column":8},"end":{"line":10,"column":29}}},"branchMap":{}},
"contracts/ERC721_mock.sol":{"l":{"13":0,"14":0,"15":0,"16":0},"path":"/Users/jubinkamdar/Documents/test3/DutchAuction/contracts/ERC721_mock.sol","s":{"1":0,"2":0,"3":0,"4":0},"b":{},"f":{"1":18,"2":0},"fnMap":{"1":{"name":"constructor","line":10,"loc":{"start":{"line":10,"column":4},"end":{"line":10,"column":48}}},"2":{"name":"mint","line":12,"loc":{"start":{"line":12,"column":4},"end":{"line":17,"column":4}}}},"statementMap":{"1":{"start":{"line":13,"column":8},"end":{"line":13,"column":28}},"2":{"start":{"line":14,"column":8},"end":{"line":14,"column":48}},"3":{"start":{"line":15,"column":9},"end":{"line":15,"column":36}},"4":{"start":{"line":16,"column":8},"end":{"line":16,"column":25}}},"branchMap":{}},
"contracts/NFTDutchAuction_ERC20Bids.sol":{"l":{"25":18,"26":18,"27":18,"28":18,"29":18,"30":18,"31":18,"35":6,"36":5,"40":2,"41":1,"43":1,"44":0,"47":1,"48":1,"49":1,"50":1,"52":1},"path":"/Users/jubinkamdar/Documents/test3/DutchAuction/contracts/NFTDutchAuction_ERC20Bids.sol","s":{"1":6,"2":2,"3":1,"4":1,"5":0,"6":1,"7":1,"8":1,"9":1},"b":{"1":[5,1],"2":[1,1],"3":[1,0],"4":[0,1]},"f":{"1":18,"2":6,"3":2},"fnMap":{"1":{"name":"constructor","line":17,"loc":{"start":{"line":17,"column":4},"end":{"line":32,"column":4}}},"2":{"name":"startAuction","line":34,"loc":{"start":{"line":34,"column":4},"end":{"line":37,"column":4}}},"3":{"name":"bid","line":39,"loc":{"start":{"line":39,"column":4},"end":{"line":53,"column":0}}}},"statementMap":{"1":{"start":{"line":35,"column":8},"end":{"line":35,"column":62}},"2":{"start":{"line":40,"column":4},"end":{"line":40,"column":53}},"3":{"start":{"line":41,"column":4},"end":{"line":41,"column":62}},"4":{"start":{"line":43,"column":4},"end":{"line":43,"column":1351}},"5":{"start":{"line":44,"column":4},"end":{"line":44,"column":66}},"6":{"start":{"line":47,"column":4},"end":{"line":47,"column":63}},"7":{"start":{"line":48,"column":4},"end":{"line":48,"column":76}},"8":{"start":{"line":49,"column":4},"end":{"line":49,"column":58}},"9":{"start":{"line":52,"column":4},"end":{"line":52,"column":67}}},"branchMap":{"1":{"line":35,"type":"if","locations":[{"start":{"line":35,"column":8},"end":{"line":35,"column":8}},{"start":{"line":35,"column":8},"end":{"line":35,"column":8}}]},"2":{"line":40,"type":"if","locations":[{"start":{"line":40,"column":4},"end":{"line":40,"column":4}},{"start":{"line":40,"column":4},"end":{"line":40,"column":4}}]},"3":{"line":41,"type":"if","locations":[{"start":{"line":41,"column":4},"end":{"line":41,"column":4}},{"start":{"line":41,"column":4},"end":{"line":41,"column":4}}]},"4":{"line":43,"type":"if","locations":[{"start":{"line":43,"column":4},"end":{"line":43,"column":4}},{"start":{"line":43,"column":4},"end":{"line":43,"column":4}}]}}}}
