TN:
SF:/Users/jubinkamdar/Documents/test3/DutchAuction/contracts/ERC20Mock.sol
FN:7,constructor
FN:9,mint
FNF:2
FNH:2
FNDA:30,constructor
FNDA:2,mint
DA:10,2
LF:1
LH:1
BRF:0
BRH:0
end_of_record
TN:
SF:/Users/jubinkamdar/Documents/test3/DutchAuction/contracts/ERC721_mock.sol
FN:10,constructor
FN:12,mint
FNF:2
FNH:2
FNDA:30,constructor
FNDA:2,mint
DA:13,2
DA:14,2
DA:15,2
DA:16,2
LF:4
LH:4
BRF:0
BRH:0
end_of_record
TN:
SF:/Users/jubinkamdar/Documents/test3/DutchAuction/contracts/NFTDutchAuction_ERC20Bids.sol
FN:17,constructor
FN:34,startAuction
FN:39,bid
FNF:3
FNH:3
FNDA:30,constructor
FNDA:10,startAuction
FNDA:5,bid
DA:25,30
DA:26,30
DA:27,30
DA:28,30
DA:29,30
DA:30,30
DA:31,30
DA:35,10
DA:36,9
DA:40,5
DA:41,4
DA:49,3
DA:50,3
DA:51,3
DA:52,3
DA:54,3
LF:16
LH:16
BRDA:35,1,0,9
BRDA:35,1,1,1
BRDA:40,2,0,4
BRDA:40,2,1,1
BRDA:41,3,0,3
BRDA:41,3,1,1
BRF:6
BRH:6
end_of_record
