TN:
SF:/Users/jubinkamdar/Documents/DutchAuction/V3.0/contracts/ERC20Mock.sol
FN:7,constructor
FN:9,mint
FNF:2
FNH:1
FNDA:9,constructor
FNDA:0,mint
DA:10,0
LF:1
LH:0
BRF:0
BRH:0
end_of_record
TN:
SF:/Users/jubinkamdar/Documents/DutchAuction/V3.0/contracts/ERC721_mock.sol
FN:10,constructor
FN:12,mint
FNF:2
FNH:1
FNDA:9,constructor
FNDA:0,mint
DA:13,0
DA:14,0
DA:15,0
DA:16,0
LF:4
LH:0
BRF:0
BRH:0
end_of_record
TN:
SF:/Users/jubinkamdar/Documents/DutchAuction/V3.0/contracts/NFTDutchAuction_ERC20Bids.sol
FN:17,constructor
FN:34,startAuction
FN:39,bid
FNF:3
FNH:3
FNDA:9,constructor
FNDA:3,startAuction
FNDA:1,bid
DA:25,9
DA:26,9
DA:27,9
DA:28,9
DA:29,9
DA:30,9
DA:31,9
DA:35,3
DA:36,2
DA:40,1
DA:41,0
DA:43,0
DA:44,0
DA:47,0
DA:48,0
DA:49,0
DA:50,0
DA:52,0
LF:18
LH:10
BRDA:35,1,0,2
BRDA:35,1,1,1
BRDA:40,2,0,0
BRDA:40,2,1,1
BRDA:41,3,0,0
BRDA:41,3,1,0
BRDA:43,4,0,0
BRDA:43,4,1,0
BRF:8
BRH:3
end_of_record
